Arguments: 
  /home/hashstudioz/.nvm/versions/node/v16.19.1/bin/node /usr/bin/yarn

PATH: 
  /home/hashstudioz/.nvm/versions/node/v16.19.1/bin:/home/hashstudioz/.local/bin:/usr/local/sbin:/usr/local/bin:/usr/sbin:/usr/bin:/sbin:/bin:/usr/games:/usr/local/games:/snap/bin:/snap/bin:/usr/local/go/bin:/home/hashstudioz/go/bin

Yarn version: 
  1.22.19

Node version: 
  16.19.1

Platform: 
  linux x64

Trace: 
  Error: getaddrinfo EAI_AGAIN registry.yarnpkg.com
      at GetAddrInfoReqWrap.onlookup [as oncomplete] (node:dns:109:26)

npm manifest: 
  {
    "name": "user-service",
    "version": "0.1.0",
    "description": "Api gateway of microservices",
    "main": "server.ts",
    "author": "itschirag-me",
    "license": "MIT",
    "scripts": {
      "start": "cross-env NODE_ENV=production node ./build/server.js",
      "build": "tsc",
      "dev": "cross-env NODE_ENV=development nodemon"
    },
    "devDependencies": {
      "@types/bcrypt": "^5.0.0",
      "@types/cookie-session": "^2.0.44",
      "@types/dotenv": "^8.2.0",
      "@types/express": "^4.17.17",
      "@types/lodash": "^4.14.194",
      "@types/moment": "^2.13.0",
      "@types/mongoose": "^5.11.97",
      "@types/prettier": "^2.7.2",
      "dotenv": "^16.0.3",
      "nodemon": "^2.0.22",
      "prettier": "^2.8.8",
      "ts-node": "^10.9.1",
      "typescript": "^5.0.4",
      "@types/cors": "^2.8.13",
      "@types/http-status-codes": "^1.2.0"
    },
    "dependencies": {
      "bcrypt": "^5.1.0",
      "cors": "^2.8.5",
      "cross-env": "^7.0.3",
      "express": "^4.18.2",
      "http-status-codes": "^2.2.0",
      "joi": "^17.9.2",
      "lodash": "^4.17.21",
      "moment": "^2.29.4",
      "mongoose": "^7.1.0"
    }
  }

yarn manifest: 
  No manifest

Lockfile: 
  No lockfile
